0 info it worked if it ends with ok
1 verbose cli [ 'node', '/Users/modakn/.nvm/v0.10.36/bin/npm', 'start' ]
2 info using npm@3.10.9
3 info using node@v0.10.36
4 verbose run-script [ 'prestart', 'start', 'poststart' ]
5 info lifecycle angular-quickstart@1.0.0~prestart: angular-quickstart@1.0.0
6 silly lifecycle angular-quickstart@1.0.0~prestart: no script for prestart, continuing
7 info lifecycle angular-quickstart@1.0.0~start: angular-quickstart@1.0.0
8 verbose lifecycle angular-quickstart@1.0.0~start: unsafe-perm in lifecycle true
9 verbose lifecycle angular-quickstart@1.0.0~start: PATH: /Users/modakn/.nvm/v0.10.36/lib/node_modules/npm/bin/node-gyp-bin:/Users/modakn/Desktop/AngularFire2-Authentication/node_modules/.bin:/Users/modakn/.nvm/v0.10.36/bin:/Library/Frameworks/Python.framework/Versions/2.7/bin:.:/Users/modakn/bin:/Core/Websites/WidgetService/trunk/service/src/main/webapp/CBLT_widgets/widget_boilerplate/bin:/Java/BuildTools/ant/apache-ant-1.8.1/bin:/usr/local/bin:/Java/BuildTools/maven/apache-maven-3.2.1/bin:/Library/Java/JavaVirtualMachines/jdk1.7.0_79.jdk/Contents/Home/bin:/usr/local/bin:/usr/bin:/bin:/usr/sbin:/sbin:/Users/modakn/bin:/Users/modakn/Library/Android/sdk/tools:/Users/modakn/Library/Android/sdk/platform-tools
10 verbose lifecycle angular-quickstart@1.0.0~start: CWD: /Users/modakn/Desktop/AngularFire2-Authentication
11 silly lifecycle angular-quickstart@1.0.0~start: Args: [ '-c', 'tsc && concurrently "tsc -w" "lite-server" ' ]
12 silly lifecycle angular-quickstart@1.0.0~start: Returned: code: 2  signal: null
13 info lifecycle angular-quickstart@1.0.0~start: Failed to exec start script
14 verbose stack Error: angular-quickstart@1.0.0 start: `tsc && concurrently "tsc -w" "lite-server" `
14 verbose stack Exit status 2
14 verbose stack     at EventEmitter.<anonymous> (/Users/modakn/.nvm/v0.10.36/lib/node_modules/npm/lib/utils/lifecycle.js:255:16)
14 verbose stack     at EventEmitter.emit (events.js:98:17)
14 verbose stack     at ChildProcess.<anonymous> (/Users/modakn/.nvm/v0.10.36/lib/node_modules/npm/lib/utils/spawn.js:40:14)
14 verbose stack     at ChildProcess.emit (events.js:98:17)
14 verbose stack     at maybeClose (child_process.js:766:16)
14 verbose stack     at Process.ChildProcess._handle.onexit (child_process.js:833:5)
15 verbose pkgid angular-quickstart@1.0.0
16 verbose cwd /Users/modakn/Desktop/AngularFire2-Authentication
17 error Darwin 15.6.0
18 error argv "node" "/Users/modakn/.nvm/v0.10.36/bin/npm" "start"
19 error node v0.10.36
20 error npm  v3.10.9
21 error code ELIFECYCLE
22 error angular-quickstart@1.0.0 start: `tsc && concurrently "tsc -w" "lite-server" `
22 error Exit status 2
23 error Failed at the angular-quickstart@1.0.0 start script 'tsc && concurrently "tsc -w" "lite-server" '.
23 error Make sure you have the latest version of node.js and npm installed.
23 error If you do, this is most likely a problem with the angular-quickstart package,
23 error not with npm itself.
23 error Tell the author that this fails on your system:
23 error     tsc && concurrently "tsc -w" "lite-server"
23 error You can get information on how to open an issue for this project with:
23 error     npm bugs angular-quickstart
23 error Or if that isn't available, you can get their info via:
23 error     npm owner ls angular-quickstart
23 error There is likely additional logging output above.
24 verbose exit [ 1, true ]
